无序列表于与有序列表都是表语义的
    --其中无序列表项目是不分先后顺序的
        --这是一个组标签
        --ul的作用并不是表展示的效果，而是表语义的
            --比如导航条，歌单
            --li是一个容器，里面什么都可以放
                --可以嵌套
    --有序列表同上
定义列表
    --dl 定义列表
    --dt 定义标题
    --dd 定义描述
    --主要表达了两层的语义
    --和上面一样也是容器
div与span
    都是盒子，但区别是span是一个文本级的标签，只能存放文字，图片，表单等
    div则不一样，div相当于对界面的布局
    division 分割
    span 范围
表单
    收集用户信息，让用户填写信息，进行选择使用form标签进行包裹
    --
    input --输入
        包括text，password，radio，checkbox
            其中radio是单选按钮 checkbox是复选按钮
    select 下拉标签 子标签为option
    textarea多行文本框 eg：
        <textarea cols="10" rows="10">此处的值将被设置为默认值</textarea>
    input  --功能
        包括submit button reset 功能如其名
label标签用于绑定input和后面的输出诸如此类的 俄eg：
    1	<input type="radio" name="sex" id="nan" /> <label for="nan">男</label>
    特殊符号
        当试图在html界面上输出<h1>是不成功的，需要使用&lt 和 &gt来表现出效果
        同时&copy标识版权符号
        &nbsp;标识空格
加粗，倾斜，下划线：
    --1	font-weight:bold;
    --2	font-style:italic;
    --3	text-decoration:underline;

路径分为相对路劲和绝对路径
    在本地使用file://标识本地绝对路径，但是绝对不推荐
    在线则使用http://标识网络绝对路径
    相对路径使用../标识退回上一级文件夹
选择器
    标签选择器
        --所有具有同一类型标签的内容
    id选择器
        --唯一确定的id来定位内容
            --重要原则，css层面尽量不要使用id选择器
    类选择器
        --同一类的事物的综合
        --可以重复
        --可以有多个类名 使用空格隔开
            eg：class="btn btn1"
        --原则，每个类都应该都应该尽可能的小，有公共的概念
            --这也是层叠样式表的概念
    后代选择器
        --空格标识后代
            --后代并不一定是儿子，还包括所有的子孙
    交集选择器
        --必须同时满足多个条件才会被选中
        eg：div.red
    并集选择器
        --只要满足条件之一即可
            --使用空格隔开
    通配符  *  
        --标识所有元素
    儿子选择器
        eg：div>p 只能选中儿子，不能选中孙子
    序选择器
        eg：ul li:first-child
        eg：ul li:last-child
        --选中第一个儿子或孙子
    下一个兄弟选择器
        +标识下一个兄弟
        eg:h3+p
重要原则：
    --这些关于文字样式的，都能够继承； 
       --比如color、 text-开头的、line-开头的、font-开头的。
    --所有关于盒子的、定位的、布局的属性都不能继承。
层叠性：就是css处理冲突的能力
    --如果不能直接选中某个元素，通过继承性影响的话，那么权重是0。
    --权重问题大总结：
        --1） 先看有没有选中，如果选中了，那么以（id数，类数，标签数）来计权重。谁大听谁的。如果都一样，听后写的为准。
        --2） 如果没有选中，那么权重是0。如果大家都是0，就近原则。
        --3） !important标记在未直接选中时起作用
padding 
    有颜色，方向，标识内边距，与width无关
    eg：
        --padding：上 右 下 左 空格隔开
            --如果三个参数，会补齐左，数量同右
            --如果两个参数，会补齐下和左，数量同上右
    --可以用小属性层叠大属性，和位置有关。
border
    --样式
        --style
        --方向
            --上右下左
    --颜色
        --color
        --方向
            --上右下左
    --宽度
        --width
        --方向
            --上右下左
块级元素和行内元素
    --
    --块
        --霸占一行，不能与其他任何元素并列
        --能接受宽、高
        --如果不设置宽度，那么宽度将默认变为父亲的100%。
            --文本级：p、span、a、b、i、u、em
    --行
        --与其他行内元素并排
        --不能设置宽、高。默认的宽度，就是文字的宽度。
            --容器级：div、h系列、li、dt、dd
    --块级元素可以设置为行内元素
        --关键字 display：inline
    --行内元素可以设置为块级元素
        --关键字 display：block
    --css中一共有三种手段，使一个元素脱离标准文档流：
        --1） 浮动
            --一旦一个元素浮动了，那么，将能够并排了，并且能够设置宽高了。无论它原来是个div还是个span
        --2） 绝对定位
        --3） 固定定位


